<?xml version="1.0" encoding="UTF-8"?>
<testsuite name="com.sparta.be.BeApplicationTests" tests="1" skipped="0" failures="0" errors="0" timestamp="2022-12-22T10:35:19" hostname="34-5YJ" time="0.153">
  <properties/>
  <testcase name="contextLoads()" classname="com.sparta.be.BeApplicationTests" time="0.153"/>
  <system-out><![CDATA[19:35:10.017 [Test worker] DEBUG org.springframework.test.context.BootstrapUtils - Instantiating CacheAwareContextLoaderDelegate from class [org.springframework.test.context.cache.DefaultCacheAwareContextLoaderDelegate]
19:35:10.030 [Test worker] DEBUG org.springframework.test.context.BootstrapUtils - Instantiating BootstrapContext using constructor [public org.springframework.test.context.support.DefaultBootstrapContext(java.lang.Class,org.springframework.test.context.CacheAwareContextLoaderDelegate)]
19:35:10.068 [Test worker] DEBUG org.springframework.test.context.BootstrapUtils - Instantiating TestContextBootstrapper for test class [com.sparta.be.BeApplicationTests] from class [org.springframework.boot.test.context.SpringBootTestContextBootstrapper]
19:35:10.082 [Test worker] INFO org.springframework.boot.test.context.SpringBootTestContextBootstrapper - Neither @ContextConfiguration nor @ContextHierarchy found for test class [com.sparta.be.BeApplicationTests], using SpringBootContextLoader
19:35:10.087 [Test worker] DEBUG org.springframework.test.context.support.AbstractContextLoader - Did not detect default resource location for test class [com.sparta.be.BeApplicationTests]: class path resource [com/sparta/be/BeApplicationTests-context.xml] does not exist
19:35:10.088 [Test worker] DEBUG org.springframework.test.context.support.AbstractContextLoader - Did not detect default resource location for test class [com.sparta.be.BeApplicationTests]: class path resource [com/sparta/be/BeApplicationTestsContext.groovy] does not exist
19:35:10.088 [Test worker] INFO org.springframework.test.context.support.AbstractContextLoader - Could not detect default resource locations for test class [com.sparta.be.BeApplicationTests]: no resource found for suffixes {-context.xml, Context.groovy}.
19:35:10.089 [Test worker] INFO org.springframework.test.context.support.AnnotationConfigContextLoaderUtils - Could not detect default configuration classes for test class [com.sparta.be.BeApplicationTests]: BeApplicationTests does not declare any static, non-private, non-final, nested classes annotated with @Configuration.
19:35:10.135 [Test worker] DEBUG org.springframework.test.context.support.ActiveProfilesUtils - Could not find an 'annotation declaring class' for annotation type [org.springframework.test.context.ActiveProfiles] and class [com.sparta.be.BeApplicationTests]
19:35:10.204 [Test worker] DEBUG org.springframework.context.annotation.ClassPathScanningCandidateComponentProvider - Identified candidate component class: file [C:\Users\USER\Desktop\hanghae99\week6\BE_1\build\classes\java\main\com\sparta\be\BeApplication.class]
19:35:10.205 [Test worker] INFO org.springframework.boot.test.context.SpringBootTestContextBootstrapper - Found @SpringBootConfiguration com.sparta.be.BeApplication for test class com.sparta.be.BeApplicationTests
19:35:10.352 [Test worker] DEBUG org.springframework.boot.test.context.SpringBootTestContextBootstrapper - @TestExecutionListeners is not present for class [com.sparta.be.BeApplicationTests]: using defaults.
19:35:10.353 [Test worker] INFO org.springframework.boot.test.context.SpringBootTestContextBootstrapper - Loaded default TestExecutionListener class names from location [META-INF/spring.factories]: [org.springframework.security.test.context.support.WithSecurityContextTestExecutionListener, org.springframework.security.test.context.support.ReactorContextTestExecutionListener, org.springframework.boot.test.autoconfigure.restdocs.RestDocsTestExecutionListener, org.springframework.boot.test.autoconfigure.web.client.MockRestServiceServerResetTestExecutionListener, org.springframework.boot.test.autoconfigure.web.servlet.MockMvcPrintOnlyOnFailureTestExecutionListener, org.springframework.boot.test.autoconfigure.web.servlet.WebDriverTestExecutionListener, org.springframework.boot.test.autoconfigure.webservices.client.MockWebServiceServerTestExecutionListener, org.springframework.boot.test.mock.mockito.MockitoTestExecutionListener, org.springframework.boot.test.mock.mockito.ResetMocksTestExecutionListener, org.springframework.test.context.web.ServletTestExecutionListener, org.springframework.test.context.support.DirtiesContextBeforeModesTestExecutionListener, org.springframework.test.context.event.ApplicationEventsTestExecutionListener, org.springframework.test.context.support.DependencyInjectionTestExecutionListener, org.springframework.test.context.support.DirtiesContextTestExecutionListener, org.springframework.test.context.transaction.TransactionalTestExecutionListener, org.springframework.test.context.jdbc.SqlScriptsTestExecutionListener, org.springframework.test.context.event.EventPublishingTestExecutionListener]
19:35:10.374 [Test worker] INFO org.springframework.boot.test.context.SpringBootTestContextBootstrapper - Using TestExecutionListeners: [org.springframework.test.context.web.ServletTestExecutionListener@74518890, org.springframework.test.context.support.DirtiesContextBeforeModesTestExecutionListener@4c5204af, org.springframework.test.context.event.ApplicationEventsTestExecutionListener@3f3ddbd9, org.springframework.boot.test.mock.mockito.MockitoTestExecutionListener@14c053c6, org.springframework.boot.test.autoconfigure.SpringBootDependencyInjectionTestExecutionListener@6c2d4cc6, org.springframework.test.context.support.DirtiesContextTestExecutionListener@30865a90, org.springframework.test.context.transaction.TransactionalTestExecutionListener@6134ac4a, org.springframework.test.context.jdbc.SqlScriptsTestExecutionListener@777c9dc9, org.springframework.security.test.context.support.WithSecurityContextTestExecutionListener@71b1a49c, org.springframework.test.context.event.EventPublishingTestExecutionListener@73e132e0, org.springframework.security.test.context.support.ReactorContextTestExecutionListener@3773862a, org.springframework.boot.test.autoconfigure.restdocs.RestDocsTestExecutionListener@2472c7d8, org.springframework.boot.test.autoconfigure.web.client.MockRestServiceServerResetTestExecutionListener@589b028e, org.springframework.boot.test.autoconfigure.web.servlet.MockMvcPrintOnlyOnFailureTestExecutionListener@22175d4f, org.springframework.boot.test.autoconfigure.web.servlet.WebDriverTestExecutionListener@9fecdf1, org.springframework.boot.test.autoconfigure.webservices.client.MockWebServiceServerTestExecutionListener@3b809711, org.springframework.boot.test.mock.mockito.ResetMocksTestExecutionListener@3b0f7d9d]
19:35:10.377 [Test worker] DEBUG org.springframework.test.context.support.AbstractDirtiesContextTestExecutionListener - Before test class: context [DefaultTestContext@350b3a17 testClass = BeApplicationTests, testInstance = [null], testMethod = [null], testException = [null], mergedContextConfiguration = [WebMergedContextConfiguration@38600b testClass = BeApplicationTests, locations = '{}', classes = '{class com.sparta.be.BeApplication}', contextInitializerClasses = '[]', activeProfiles = '{}', propertySourceLocations = '{}', propertySourceProperties = '{org.springframework.boot.test.context.SpringBootTestContextBootstrapper=true}', contextCustomizers = set[org.springframework.boot.test.autoconfigure.actuate.metrics.MetricsExportContextCustomizerFactory$DisableMetricExportContextCustomizer@306851c7, org.springframework.boot.test.autoconfigure.properties.PropertyMappingContextCustomizer@0, org.springframework.boot.test.autoconfigure.web.servlet.WebDriverContextCustomizerFactory$Customizer@62ea3440, org.springframework.boot.test.context.filter.ExcludeFilterContextCustomizer@5bfa8cc5, org.springframework.boot.test.json.DuplicateJsonObjectContextCustomizerFactory$DuplicateJsonObjectContextCustomizer@3b220bcb, org.springframework.boot.test.mock.mockito.MockitoContextCustomizer@0, org.springframework.boot.test.web.client.TestRestTemplateContextCustomizer@6111ba37, org.springframework.boot.test.context.SpringBootTestArgs@1, org.springframework.boot.test.context.SpringBootTestWebEnvironment@4dd6fd0a], resourceBasePath = 'src/main/webapp', contextLoader = 'org.springframework.boot.test.context.SpringBootContextLoader', parent = [null]], attributes = map['org.springframework.test.context.web.ServletTestExecutionListener.activateListener' -> true]], class annotated with @DirtiesContext [false] with mode [null].

  .   ____          _            __ _ _
 /\\ / ___'_ __ _ _(_)_ __  __ _ \ \ \ \
( ( )\___ | '_ | '_| | '_ \/ _` | \ \ \ \
 \\/  ___)| |_)| | | | | || (_| |  ) ) ) )
  '  |____| .__|_| |_|_| |_\__, | / / / /
 =========|_|==============|___/=/_/_/_/
 :: Spring Boot ::                (v2.7.6)

2022-12-22 19:35:10.774  INFO 24896 --- [    Test worker] com.sparta.be.BeApplicationTests         : Starting BeApplicationTests using Java 11.0.17 on 34-5YJ with PID 24896 (started by USER in C:\Users\USER\Desktop\hanghae99\week6\BE_1)
2022-12-22 19:35:10.775  INFO 24896 --- [    Test worker] com.sparta.be.BeApplicationTests         : The following 1 profile is active: "security"
2022-12-22 19:35:12.251  INFO 24896 --- [    Test worker] .s.d.r.c.RepositoryConfigurationDelegate : Bootstrapping Spring Data JPA repositories in DEFAULT mode.
2022-12-22 19:35:12.347  INFO 24896 --- [    Test worker] .s.d.r.c.RepositoryConfigurationDelegate : Finished Spring Data repository scanning in 87 ms. Found 4 JPA repository interfaces.
2022-12-22 19:35:12.823  INFO 24896 --- [    Test worker] trationDelegate$BeanPostProcessorChecker : Bean 'credentialsProvider' of type [com.amazonaws.auth.AWSCredentialsProviderChain] is not eligible for getting processed by all BeanPostProcessors (for example: not eligible for auto-proxying)
2022-12-22 19:35:13.258  INFO 24896 --- [    Test worker] o.hibernate.jpa.internal.util.LogHelper  : HHH000204: Processing PersistenceUnitInfo [name: default]
2022-12-22 19:35:13.332  INFO 24896 --- [    Test worker] org.hibernate.Version                    : HHH000412: Hibernate ORM core version 5.6.14.Final
2022-12-22 19:35:13.594  INFO 24896 --- [    Test worker] o.hibernate.annotations.common.Version   : HCANN000001: Hibernate Commons Annotations {5.1.2.Final}
2022-12-22 19:35:13.798  INFO 24896 --- [    Test worker] com.zaxxer.hikari.HikariDataSource       : HikariPool-1 - Starting...
2022-12-22 19:35:14.271  INFO 24896 --- [    Test worker] com.zaxxer.hikari.HikariDataSource       : HikariPool-1 - Start completed.
2022-12-22 19:35:14.291  INFO 24896 --- [    Test worker] org.hibernate.dialect.Dialect            : HHH000400: Using dialect: org.hibernate.dialect.MySQL57Dialect
2022-12-22 19:35:15.499  INFO 24896 --- [    Test worker] o.h.e.t.j.p.i.JtaPlatformInitiator       : HHH000490: Using JtaPlatform implementation: [org.hibernate.engine.transaction.jta.platform.internal.NoJtaPlatform]
2022-12-22 19:35:15.510  INFO 24896 --- [    Test worker] j.LocalContainerEntityManagerFactoryBean : Initialized JPA EntityManagerFactory for persistence unit 'default'
2022-12-22 19:35:17.178  WARN 24896 --- [    Test worker] JpaBaseConfiguration$JpaWebConfiguration : spring.jpa.open-in-view is enabled by default. Therefore, database queries may be performed during view rendering. Explicitly configure spring.jpa.open-in-view to disable this warning
2022-12-22 19:35:17.833  INFO 24896 --- [    Test worker] o.s.s.web.DefaultSecurityFilterChain     : Will secure any request with [org.springframework.security.web.session.DisableEncodeUrlFilter@1940bacd, org.springframework.security.web.context.request.async.WebAsyncManagerIntegrationFilter@7508912e, org.springframework.security.web.context.SecurityContextPersistenceFilter@3aafa1c1, org.springframework.security.web.header.HeaderWriterFilter@19c145d2, org.springframework.web.filter.CorsFilter@1f9ec3e7, org.springframework.security.web.authentication.logout.LogoutFilter@5eb054, com.sparta.be.jwt.JwtAuthFilter@4f86cd50, org.springframework.security.web.savedrequest.RequestCacheAwareFilter@712a5de4, org.springframework.security.web.servletapi.SecurityContextHolderAwareRequestFilter@364c4ba9, org.springframework.security.web.authentication.AnonymousAuthenticationFilter@538c90bf, org.springframework.security.web.session.SessionManagementFilter@1bd97254, org.springframework.security.web.access.ExceptionTranslationFilter@26c75b91, org.springframework.security.web.access.intercept.FilterSecurityInterceptor@8cd00bc]
2022-12-22 19:35:19.311  INFO 24896 --- [    Test worker] com.sparta.be.BeApplicationTests         : Started BeApplicationTests in 8.894 seconds (JVM running for 10.639)
]]></system-out>
  <system-err><![CDATA[]]></system-err>
</testsuite>
